// 重构日志: 38fef2d6
// 重构日志: 78a37822
// 重构日志: e10c5db7
// 同步 ID: 27467060 @ Thu Jul  9 09:09:52 UTC 2026
// 重构日志: ad1ea639
// 同步 ID: 3286da14 @ Sun Jul 12 00:13:19 UTC 2026
// 同步 ID: e43525a9 @ Sun Jul 12 08:27:59 UTC 2026
// 同步 ID: 0221ac97 @ Sun Jul 12 16:30:01 UTC 2026
// 同步 ID: 3cb54bb9 @ Mon Jul 13 01:51:48 UTC 2026
// 重构日志: ee79152a
// 同步 ID: 0d78fc01 @ Mon Jul 13 12:34:57 UTC 2026
// 重构日志: c1a29cf9
// 重构日志: 15bdf695
// 重构日志: 8ad40b19
// 重构日志: 8fbdb620
// 重构日志: 42c0beda
// 重构日志: 5c8ad6f6
// 重构日志: f6cd4ac9
// 同步 ID: 2ad8c66f @ Wed Jul 15 11:27:47 UTC 2026
// 重构日志: 9e6aebd3
// 重构日志: 0874106d
// 重构日志: 1cf85185
// 重构日志: 06283ee0
// 重构日志: ef1b86e6
// 重构日志: e92c5775
// 重构日志: 347bc02a
// 重构日志: 79f3b284
// 重构日志: d1fcce30
// 重构日志: 755ce3cc
// 同步 ID: 44915a52 @ Sat Jul 18 05:16:23 UTC 2026
